<?xml version="1.0" encoding="UTF-8"?>
<testng-results ignored="0" total="1" passed="1" failed="0" skipped="0">
  <reporter-output>
  </reporter-output>
  <suite started-at="2023-08-03T20:42:30 IST" name="Default suite" finished-at="2023-08-03T20:42:30 IST" duration-ms="42">
    <groups>
    </groups>
    <test started-at="2023-08-03T20:42:30 IST" name="Default test" finished-at="2023-08-03T20:42:30 IST" duration-ms="42">
      <class name="Demo2.Practice">
        <test-method signature="test()[pri:0, instance:Demo2.Practice@31368b99]" started-at="2023-08-03T20:42:30 IST" name="test" finished-at="2023-08-03T20:42:30 IST" duration-ms="13" status="PASS">
          <reporter-output>
          </reporter-output>
        </test-method> <!-- test -->
      </class> <!-- Demo2.Practice -->
    </test> <!-- Default test -->
  </suite> <!-- Default suite -->
</testng-results>
